<?xml version="1.0" encoding="UTF-8"?>
<coverage generated="1599485687480" clover="3.2.0">
  <project timestamp="1599485687481" name="All files">
    <metrics statements="22" coveredstatements="20" conditionals="10" coveredconditionals="7" methods="6" coveredmethods="6" elements="38" coveredelements="33" complexity="0" loc="22" ncloc="22" packages="1" files="2" classes="2"/>
    <file name="input.js" path="/mnt/c/Users/ashjan/ltuc/401/notes/lib/input.js">
      <metrics statements="14" coveredstatements="12" conditionals="6" coveredconditionals="5" methods="3" coveredmethods="3"/>
      <line num="3" count="1" type="stmt"/>
      <line num="7" count="3" type="stmt"/>
      <line num="8" count="3" type="stmt"/>
      <line num="9" count="3" type="cond" truecount="2" falsecount="0"/>
      <line num="13" count="3" type="cond" truecount="1" falsecount="1"/>
      <line num="14" count="3" type="stmt"/>
      <line num="15" count="3" type="stmt"/>
      <line num="17" count="0" type="stmt"/>
      <line num="18" count="0" type="stmt"/>
      <line num="23" count="6" type="stmt"/>
      <line num="24" count="6" type="cond" truecount="2" falsecount="0"/>
      <line num="25" count="2" type="stmt"/>
      <line num="27" count="4" type="stmt"/>
      <line num="32" count="1" type="stmt"/>
    </file>
    <file name="notes.js" path="/mnt/c/Users/ashjan/ltuc/401/notes/lib/notes.js">
      <metrics statements="8" coveredstatements="8" conditionals="4" coveredconditionals="2" methods="3" coveredmethods="3"/>
      <line num="5" count="2" type="stmt"/>
      <line num="6" count="2" type="stmt"/>
      <line num="10" count="1" type="cond" truecount="1" falsecount="1"/>
      <line num="11" count="1" type="stmt"/>
      <line num="16" count="1" type="stmt"/>
      <line num="20" count="1" type="cond" truecount="1" falsecount="1"/>
      <line num="21" count="1" type="stmt"/>
      <line num="27" count="1" type="stmt"/>
    </file>
  </project>
</coverage>
