{"/mnt/c/Users/ashjan/ltuc/401/notes/lib/input.js": {"path":"/mnt/c/Users/ashjan/ltuc/401/notes/lib/input.js","statementMap":{"0":{"start":{"line":3,"column":17},"end":{"line":3,"column":36}},"1":{"start":{"line":7,"column":21},"end":{"line":7,"column":52}},"2":{"start":{"line":8,"column":8},"end":{"line":8,"column":28}},"3":{"start":{"line":12,"column":8},"end":{"line":43,"column":11}},"4":{"start":{"line":13,"column":12},"end":{"line":42,"column":13}},"5":{"start":{"line":16,"column":20},"end":{"line":16,"column":40}},"6":{"start":{"line":17,"column":20},"end":{"line":17,"column":45}},"7":{"start":{"line":18,"column":20},"end":{"line":18,"column":26}},"8":{"start":{"line":22,"column":20},"end":{"line":22,"column":46}},"9":{"start":{"line":23,"column":20},"end":{"line":23,"column":26}},"10":{"start":{"line":27,"column":20},"end":{"line":27,"column":41}},"11":{"start":{"line":28,"column":20},"end":{"line":28,"column":46}},"12":{"start":{"line":29,"column":20},"end":{"line":29,"column":26}},"13":{"start":{"line":33,"column":20},"end":{"line":33,"column":43}},"14":{"start":{"line":34,"column":20},"end":{"line":34,"column":44}},"15":{"start":{"line":35,"column":20},"end":{"line":35,"column":26}},"16":{"start":{"line":38,"column":20},"end":{"line":40,"column":21}},"17":{"start":{"line":39,"column":24},"end":{"line":39,"column":57}},"18":{"start":{"line":41,"column":20},"end":{"line":41,"column":26}},"19":{"start":{"line":48,"column":22},"end":{"line":48,"column":61}},"20":{"start":{"line":49,"column":8},"end":{"line":51,"column":9}},"21":{"start":{"line":50,"column":12},"end":{"line":50,"column":26}},"22":{"start":{"line":52,"column":8},"end":{"line":52,"column":39}},"23":{"start":{"line":53,"column":8},"end":{"line":53,"column":20}},"24":{"start":{"line":58,"column":0},"end":{"line":58,"column":23}}},"fnMap":{"0":{"name":"(anonymous_0)","decl":{"start":{"line":6,"column":4},"end":{"line":6,"column":5}},"loc":{"start":{"line":6,"column":18},"end":{"line":9,"column":5}},"line":6},"1":{"name":"(anonymous_1)","decl":{"start":{"line":11,"column":4},"end":{"line":11,"column":5}},"loc":{"start":{"line":11,"column":19},"end":{"line":45,"column":5}},"line":11},"2":{"name":"(anonymous_2)","decl":{"start":{"line":12,"column":34},"end":{"line":12,"column":35}},"loc":{"start":{"line":12,"column":41},"end":{"line":43,"column":9}},"line":12},"3":{"name":"(anonymous_3)","decl":{"start":{"line":47,"column":4},"end":{"line":47,"column":5}},"loc":{"start":{"line":47,"column":21},"end":{"line":54,"column":5}},"line":47}},"branchMap":{"0":{"loc":{"start":{"line":13,"column":12},"end":{"line":42,"column":13}},"type":"switch","locations":[{"start":{"line":14,"column":16},"end":{"line":14,"column":25}},{"start":{"line":15,"column":16},"end":{"line":18,"column":26}},{"start":{"line":20,"column":16},"end":{"line":20,"column":25}},{"start":{"line":21,"column":16},"end":{"line":23,"column":26}},{"start":{"line":25,"column":16},"end":{"line":25,"column":25}},{"start":{"line":26,"column":16},"end":{"line":29,"column":26}},{"start":{"line":31,"column":16},"end":{"line":31,"column":25}},{"start":{"line":32,"column":16},"end":{"line":35,"column":26}},{"start":{"line":37,"column":16},"end":{"line":41,"column":26}}],"line":13},"1":{"loc":{"start":{"line":38,"column":20},"end":{"line":40,"column":21}},"type":"if","locations":[{"start":{"line":38,"column":20},"end":{"line":40,"column":21}},{"start":{"line":38,"column":20},"end":{"line":40,"column":21}}],"line":38},"2":{"loc":{"start":{"line":49,"column":8},"end":{"line":51,"column":9}},"type":"if","locations":[{"start":{"line":49,"column":8},"end":{"line":51,"column":9}},{"start":{"line":49,"column":8},"end":{"line":51,"column":9}}],"line":49}},"s":{"0":1,"1":1,"2":1,"3":8,"4":8,"5":1,"6":1,"7":1,"8":2,"9":2,"10":2,"11":2,"12":2,"13":2,"14":2,"15":2,"16":1,"17":1,"18":1,"19":10,"20":10,"21":8,"22":2,"23":2,"24":1},"f":{"0":1,"1":8,"2":8,"3":10},"b":{"0":[0,1,1,2,1,2,1,2,1],"1":[1,0],"2":[8,2]},"_coverageSchema":"1a1c01bbd47fc00a2c39e90264f33305004495a9","hash":"d5f05bb796aa8ee1d67d65fd5faac88385128a96"}
,"/mnt/c/Users/ashjan/ltuc/401/notes/lib/notes.js": {"path":"/mnt/c/Users/ashjan/ltuc/401/notes/lib/notes.js","statementMap":{"0":{"start":{"line":3,"column":17},"end":{"line":3,"column":36}},"1":{"start":{"line":4,"column":19},"end":{"line":4,"column":54}},"2":{"start":{"line":8,"column":8},"end":{"line":8,"column":33}},"3":{"start":{"line":9,"column":8},"end":{"line":9,"column":35}},"4":{"start":{"line":10,"column":8},"end":{"line":10,"column":37}},"5":{"start":{"line":11,"column":8},"end":{"line":11,"column":29}},"6":{"start":{"line":15,"column":8},"end":{"line":21,"column":9}},"7":{"start":{"line":16,"column":12},"end":{"line":16,"column":23}},"8":{"start":{"line":17,"column":15},"end":{"line":21,"column":9}},"9":{"start":{"line":18,"column":12},"end":{"line":18,"column":26}},"10":{"start":{"line":19,"column":15},"end":{"line":21,"column":9}},"11":{"start":{"line":20,"column":12},"end":{"line":20,"column":24}},"12":{"start":{"line":25,"column":19},"end":{"line":28,"column":9}},"13":{"start":{"line":29,"column":25},"end":{"line":33,"column":9}},"14":{"start":{"line":30,"column":28},"end":{"line":30,"column":57}},"15":{"start":{"line":31,"column":12},"end":{"line":31,"column":54}},"16":{"start":{"line":32,"column":12},"end":{"line":32,"column":34}},"17":{"start":{"line":34,"column":8},"end":{"line":34,"column":23}},"18":{"start":{"line":39,"column":25},"end":{"line":43,"column":9}},"19":{"start":{"line":40,"column":32},"end":{"line":40,"column":72}},"20":{"start":{"line":41,"column":12},"end":{"line":41,"column":84}},"21":{"start":{"line":42,"column":12},"end":{"line":42,"column":34}},"22":{"start":{"line":44,"column":8},"end":{"line":44,"column":19}},"23":{"start":{"line":48,"column":26},"end":{"line":58,"column":9}},"24":{"start":{"line":49,"column":27},"end":{"line":49,"column":49}},"25":{"start":{"line":50,"column":12},"end":{"line":52,"column":13}},"26":{"start":{"line":51,"column":16},"end":{"line":51,"column":75}},"27":{"start":{"line":53,"column":12},"end":{"line":56,"column":15}},"28":{"start":{"line":54,"column":16},"end":{"line":54,"column":91}},"29":{"start":{"line":55,"column":16},"end":{"line":55,"column":76}},"30":{"start":{"line":57,"column":12},"end":{"line":57,"column":34}},"31":{"start":{"line":59,"column":8},"end":{"line":59,"column":20}},"32":{"start":{"line":65,"column":0},"end":{"line":65,"column":22}}},"fnMap":{"0":{"name":"(anonymous_0)","decl":{"start":{"line":7,"column":4},"end":{"line":7,"column":5}},"loc":{"start":{"line":7,"column":21},"end":{"line":12,"column":5}},"line":7},"1":{"name":"(anonymous_1)","decl":{"start":{"line":14,"column":4},"end":{"line":14,"column":5}},"loc":{"start":{"line":14,"column":20},"end":{"line":22,"column":5}},"line":14},"2":{"name":"(anonymous_2)","decl":{"start":{"line":24,"column":4},"end":{"line":24,"column":5}},"loc":{"start":{"line":24,"column":16},"end":{"line":36,"column":5}},"line":24},"3":{"name":"(anonymous_3)","decl":{"start":{"line":29,"column":25},"end":{"line":29,"column":26}},"loc":{"start":{"line":29,"column":41},"end":{"line":33,"column":9}},"line":29},"4":{"name":"(anonymous_4)","decl":{"start":{"line":38,"column":4},"end":{"line":38,"column":5}},"loc":{"start":{"line":38,"column":13},"end":{"line":45,"column":5}},"line":38},"5":{"name":"(anonymous_5)","decl":{"start":{"line":39,"column":25},"end":{"line":39,"column":26}},"loc":{"start":{"line":39,"column":37},"end":{"line":43,"column":9}},"line":39},"6":{"name":"(anonymous_6)","decl":{"start":{"line":47,"column":4},"end":{"line":47,"column":5}},"loc":{"start":{"line":47,"column":11},"end":{"line":61,"column":5}},"line":47},"7":{"name":"(anonymous_7)","decl":{"start":{"line":48,"column":26},"end":{"line":48,"column":27}},"loc":{"start":{"line":48,"column":38},"end":{"line":58,"column":9}},"line":48},"8":{"name":"(anonymous_8)","decl":{"start":{"line":53,"column":30},"end":{"line":53,"column":31}},"loc":{"start":{"line":53,"column":38},"end":{"line":56,"column":13}},"line":53}},"branchMap":{"0":{"loc":{"start":{"line":15,"column":8},"end":{"line":21,"column":9}},"type":"if","locations":[{"start":{"line":15,"column":8},"end":{"line":21,"column":9}},{"start":{"line":15,"column":8},"end":{"line":21,"column":9}}],"line":15},"1":{"loc":{"start":{"line":17,"column":15},"end":{"line":21,"column":9}},"type":"if","locations":[{"start":{"line":17,"column":15},"end":{"line":21,"column":9}},{"start":{"line":17,"column":15},"end":{"line":21,"column":9}}],"line":17},"2":{"loc":{"start":{"line":19,"column":15},"end":{"line":21,"column":9}},"type":"if","locations":[{"start":{"line":19,"column":15},"end":{"line":21,"column":9}},{"start":{"line":19,"column":15},"end":{"line":21,"column":9}}],"line":19},"3":{"loc":{"start":{"line":50,"column":12},"end":{"line":52,"column":13}},"type":"if","locations":[{"start":{"line":50,"column":12},"end":{"line":52,"column":13}},{"start":{"line":50,"column":12},"end":{"line":52,"column":13}}],"line":50}},"s":{"0":1,"1":1,"2":2,"3":2,"4":2,"5":2,"6":3,"7":1,"8":2,"9":1,"10":1,"11":1,"12":2,"13":2,"14":2,"15":0,"16":0,"17":2,"18":2,"19":2,"20":0,"21":0,"22":2,"23":2,"24":2,"25":0,"26":0,"27":0,"28":0,"29":0,"30":0,"31":2,"32":1},"f":{"0":2,"1":3,"2":2,"3":2,"4":2,"5":2,"6":2,"7":2,"8":0},"b":{"0":[1,2],"1":[1,1],"2":[1,0],"3":[0,0]},"_coverageSchema":"1a1c01bbd47fc00a2c39e90264f33305004495a9","hash":"d81e97b0d803de1ad51e2586f5ed1a5c86988af9"}
,"/mnt/c/Users/ashjan/ltuc/401/notes/lib/model/notes-collection.js": {"path":"/mnt/c/Users/ashjan/ltuc/401/notes/lib/model/notes-collection.js","statementMap":{"0":{"start":{"line":3,"column":15},"end":{"line":3,"column":40}},"1":{"start":{"line":11,"column":8},"end":{"line":15,"column":9}},"2":{"start":{"line":12,"column":12},"end":{"line":12,"column":41}},"3":{"start":{"line":14,"column":12},"end":{"line":14,"column":33}},"4":{"start":{"line":19,"column":19},"end":{"line":19,"column":37}},"5":{"start":{"line":20,"column":8},"end":{"line":20,"column":27}},"6":{"start":{"line":24,"column":8},"end":{"line":24,"column":66}},"7":{"start":{"line":28,"column":8},"end":{"line":28,"column":45}},"8":{"start":{"line":33,"column":0},"end":{"line":33,"column":34}}},"fnMap":{"0":{"name":"(anonymous_0)","decl":{"start":{"line":7,"column":4},"end":{"line":7,"column":5}},"loc":{"start":{"line":7,"column":18},"end":{"line":8,"column":5}},"line":7},"1":{"name":"(anonymous_1)","decl":{"start":{"line":10,"column":4},"end":{"line":10,"column":5}},"loc":{"start":{"line":10,"column":18},"end":{"line":16,"column":5}},"line":10},"2":{"name":"(anonymous_2)","decl":{"start":{"line":18,"column":4},"end":{"line":18,"column":5}},"loc":{"start":{"line":18,"column":19},"end":{"line":21,"column":5}},"line":18},"3":{"name":"(anonymous_3)","decl":{"start":{"line":23,"column":4},"end":{"line":23,"column":5}},"loc":{"start":{"line":23,"column":24},"end":{"line":25,"column":5}},"line":23},"4":{"name":"(anonymous_4)","decl":{"start":{"line":27,"column":4},"end":{"line":27,"column":5}},"loc":{"start":{"line":27,"column":16},"end":{"line":30,"column":5}},"line":27}},"branchMap":{"0":{"loc":{"start":{"line":11,"column":8},"end":{"line":15,"column":9}},"type":"if","locations":[{"start":{"line":11,"column":8},"end":{"line":15,"column":9}},{"start":{"line":11,"column":8},"end":{"line":15,"column":9}}],"line":11}},"s":{"0":1,"1":2,"2":0,"3":2,"4":2,"5":2,"6":0,"7":2,"8":1},"f":{"0":1,"1":2,"2":2,"3":0,"4":2},"b":{"0":[0,2]},"_coverageSchema":"1a1c01bbd47fc00a2c39e90264f33305004495a9","hash":"b54b7cbfc14e61ee9ba2394de2c134d18eaba850"}
,"/mnt/c/Users/ashjan/ltuc/401/notes/lib/model/notes-schema.js": {"path":"/mnt/c/Users/ashjan/ltuc/401/notes/lib/model/notes-schema.js","statementMap":{"0":{"start":{"line":2,"column":17},"end":{"line":2,"column":36}},"1":{"start":{"line":4,"column":13},"end":{"line":7,"column":2}},"2":{"start":{"line":9,"column":0},"end":{"line":9,"column":46}}},"fnMap":{},"branchMap":{},"s":{"0":1,"1":1,"2":1},"f":{},"b":{},"_coverageSchema":"1a1c01bbd47fc00a2c39e90264f33305004495a9","hash":"0f0b3cc7a2cf956f3abc55e3a2b10d03bb996bab"}
}
