TN:
SF:lib/input.js
FN:6,(anonymous_0)
FN:11,(anonymous_1)
FN:12,(anonymous_2)
FN:47,(anonymous_3)
FNF:4
FNH:4
FNDA:1,(anonymous_0)
FNDA:8,(anonymous_1)
FNDA:8,(anonymous_2)
FNDA:10,(anonymous_3)
DA:3,1
DA:7,1
DA:8,1
DA:12,8
DA:13,8
DA:16,1
DA:17,1
DA:18,1
DA:22,2
DA:23,2
DA:27,2
DA:28,2
DA:29,2
DA:33,2
DA:34,2
DA:35,2
DA:38,1
DA:39,1
DA:41,1
DA:48,10
DA:49,10
DA:50,8
DA:52,2
DA:53,2
DA:58,1
LF:25
LH:25
BRDA:13,0,0,0
BRDA:13,0,1,1
BRDA:13,0,2,1
BRDA:13,0,3,2
BRDA:13,0,4,1
BRDA:13,0,5,2
BRDA:13,0,6,1
BRDA:13,0,7,2
BRDA:13,0,8,1
BRDA:38,1,0,1
BRDA:38,1,1,0
BRDA:49,2,0,8
BRDA:49,2,1,2
BRF:13
BRH:11
end_of_record
TN:
SF:lib/notes.js
FN:7,(anonymous_0)
FN:14,(anonymous_1)
FN:24,(anonymous_2)
FN:30,(anonymous_3)
FN:40,(anonymous_4)
FN:41,(anonymous_5)
FN:50,(anonymous_6)
FN:51,(anonymous_7)
FN:56,(anonymous_8)
FNF:9
FNH:8
FNDA:2,(anonymous_0)
FNDA:3,(anonymous_1)
FNDA:2,(anonymous_2)
FNDA:2,(anonymous_3)
FNDA:2,(anonymous_4)
FNDA:2,(anonymous_5)
FNDA:2,(anonymous_6)
FNDA:2,(anonymous_7)
FNDA:0,(anonymous_8)
DA:3,1
DA:4,1
DA:8,2
DA:9,2
DA:10,2
DA:11,2
DA:15,3
DA:16,1
DA:17,2
DA:18,1
DA:19,1
DA:20,1
DA:25,2
DA:30,2
DA:31,2
DA:32,2
DA:33,0
DA:34,0
DA:36,2
DA:41,2
DA:42,2
DA:43,0
DA:44,0
DA:45,0
DA:47,2
DA:51,2
DA:52,2
DA:53,0
DA:54,0
DA:56,0
DA:57,0
DA:58,0
DA:60,0
DA:62,2
DA:68,1
LF:35
LH:24
BRDA:15,0,0,1
BRDA:15,0,1,2
BRDA:17,1,0,1
BRDA:17,1,1,1
BRDA:19,2,0,1
BRDA:19,2,1,0
BRDA:53,3,0,0
BRDA:53,3,1,0
BRF:8
BRH:5
end_of_record
TN:
SF:lib/model/notes-schema.js
FNF:0
FNH:0
DA:2,1
DA:4,1
DA:9,1
LF:3
LH:3
BRF:0
BRH:0
end_of_record
